2026-02-19 20:45:24.168 [INFO] [T1] App started. Version=assembly=26.2.1907.0, file=26.2.1907
2026-02-19 20:45:24.378 [INFO] [T1] Step interval changed: 2
2026-02-19 20:45:24.379 [INFO] [T1] Save interval changed: 1500ms
2026-02-19 20:45:24.380 [INFO] [T1] Recording quality changed: 90
2026-02-19 20:45:24.381 [INFO] [T1] Config loaded. RecordMode=per-operation, SaveFileInterval=1500, StepInterval=2, AutoLaunch=False, AlwaysOnTop=False, HideSideBar=False, UpdateChannel=stable, SavePath=null, StartRecording=False
2026-02-19 20:45:24.735 [INFO] [T5] CLI server starting.
2026-02-19 20:45:24.791 [INFO] [T1] Main form loaded.
2026-02-19 20:45:25.024 [INFO] [T7] Attached to SAI2 (poll). pid=34868, path=D:\Mini\[Saier]SAI Ver.2\sai2.exe, version=v2024 (2024.08.14)
2026-02-19 20:45:28.047 [INFO] [T1] Main form closing.
2026-02-19 20:45:28.053 [INFO] [T1] Config saved. RecordMode=per-operation, SaveFileInterval=1500, StepInterval=2, AutoLaunch=False, AlwaysOnTop=False, HideSideBar=False, UpdateChannel=stable, SavePath=null
2026-02-19 20:45:28.106 [INFO] [T1] Main form closed.
2026-02-19 20:45:28.123 [INFO] [T1] Application exit
2026-02-19 20:51:33.122 [INFO] [T1] App started. Version=assembly=26.2.1908.0, file=26.2.1908
2026-02-19 20:51:33.319 [INFO] [T1] Step interval changed: 2
2026-02-19 20:51:33.320 [INFO] [T1] Save interval changed: 1500ms
2026-02-19 20:51:33.321 [INFO] [T1] Recording quality changed: 90
2026-02-19 20:51:33.321 [INFO] [T1] Config loaded. RecordMode=per-operation, SaveFileInterval=1500, StepInterval=2, AutoLaunch=False, AlwaysOnTop=False, HideSideBar=False, UpdateChannel=stable, SavePath=null, StartRecording=False
2026-02-19 20:51:33.679 [INFO] [T5] CLI server starting.
2026-02-19 20:51:33.732 [INFO] [T1] Main form loaded.
2026-02-19 20:51:33.978 [INFO] [T7] Attached to SAI2 (poll). pid=34868, path=D:\Mini\[Saier]SAI Ver.2\sai2.exe, version=v2024 (2024.08.14)
2026-02-19 20:51:37.743 [INFO] [T1] Manual update check requested. Channel=stable
2026-02-19 20:51:42.062 [INFO] [T1] Main form closing.
2026-02-19 20:51:42.065 [INFO] [T1] Config saved. RecordMode=per-operation, SaveFileInterval=1500, StepInterval=2, AutoLaunch=False, AlwaysOnTop=False, HideSideBar=False, UpdateChannel=stable, SavePath=null
2026-02-19 20:51:42.110 [INFO] [T1] Main form closed.
2026-02-19 20:51:42.119 [INFO] [T1] Application exit
2026-02-19 21:13:17.954 [INFO] [T1] App started. Version=assembly=26.2.1909.0, file=26.2.1909
2026-02-19 21:13:18.141 [INFO] [T1] Step interval changed: 2
2026-02-19 21:13:18.141 [INFO] [T1] Save interval changed: 1500ms
2026-02-19 21:13:18.142 [INFO] [T1] Recording quality changed: 90
2026-02-19 21:13:18.142 [INFO] [T1] Config loaded. RecordMode=per-operation, SaveFileInterval=1500, StepInterval=2, AutoLaunch=False, AlwaysOnTop=False, HideSideBar=False, UpdateChannel=stable, SavePath=null, StartRecording=False
2026-02-19 21:13:18.501 [INFO] [T5] CLI server starting.
2026-02-19 21:13:18.546 [INFO] [T1] Main form loaded.
2026-02-19 21:13:18.787 [INFO] [T7] Attached to SAI2 (poll). pid=34868, path=D:\Mini\[Saier]SAI Ver.2\sai2.exe, version=v2024 (2024.08.14)
2026-02-19 21:13:30.883 [INFO] [T1] Main form closing.
2026-02-19 21:13:30.887 [INFO] [T1] Config saved. RecordMode=per-operation, SaveFileInterval=1500, StepInterval=2, AutoLaunch=False, AlwaysOnTop=False, HideSideBar=False, UpdateChannel=stable, SavePath=null
2026-02-19 21:13:30.922 [INFO] [T1] Main form closed.
2026-02-19 21:13:30.934 [INFO] [T1] Application exit
